<?xml version="1.0" encoding="UTF-8"?>
<!-- Generated by org.testng.reporters.JUnitXMLReporter -->
<testsuite ignored="0" hostname="Rohiths-HP-Pavilion" failures="0" tests="2" name="Default test" time="114.795" errors="0" timestamp="2021-05-23T16:02:13 IST">
  <testcase classname="testCaseCorporateWellnessPage.CorporateWellnessWithInvalidDetailsTest" name="InvalidTest" time="5.121"/>
  <testcase classname="testCaseCorporateWellnessPage.CorporateWellnessWithInvalidDetailsTest" name="InvalidTest" time="98.774"/>
</testsuite> <!-- Default test -->
