<?xml version="1.0" encoding="UTF-8"?>
<!-- Generated by org.testng.reporters.JUnitXMLReporter -->
<testsuite ignored="0" hostname="Rohiths-HP-Pavilion" failures="0" tests="34" name="Test" time="597.511" errors="0" timestamp="2021-05-23T18:46:10 IST">
  <testcase classname="testCaseCorporateWellnessPage.CorporateWellnessWithEmptyNameTest" name="EmptyNameTest" time="4.687"/>
  <testcase classname="testCaseDiagnosticsPage.DiagnosticsOptionClickTest" name="diagnosticsButtonClickTest" time="2.664"/>
  <testcase classname="testCaseHomePage.LocationSearchClearTest" name="locationSearchClearTest" time="0.292"/>
  <testcase classname="testCaseHospitalSearch.AllFiltersFunctionalityCheck" name="allFiltersFunctionality" time="0.166"/>
  <testcase classname="testCaseCorporateWellnessPage.CorporateWellnessWithEmptyOrgSizeTest" name="EmptyOrgSizeTest" time="63.636"/>
  <testcase classname="testCaseDiagnosticsPage.DiagnosticsPageSearchBoxClickTest" name="selectCitySearchBoxClickTest" time="2.946"/>
  <testcase classname="testCaseHomePage.LocationSearchClickTest" name="locationSearchClickTest" time="0.216"/>
  <testcase classname="testCaseHospitalSearch.FiltersFunctionalityTest" name="accreditedFunctionality" time="5.148"/>
  <testcase classname="testCaseHospitalSearch.FiltersFunctionalityTest" name="cafeteriaFunctionality" time="6.168"/>
  <testcase classname="testCaseHospitalSearch.FiltersFunctionalityTest" name="diagnosticLabServicesFunctionality" time="5.806"/>
  <testcase classname="testCaseHospitalSearch.FiltersFunctionalityTest" name="hasParkingFunctionality" time="5.523"/>
  <testcase classname="testCaseHospitalSearch.FiltersFunctionalityTest" name="onlineBookingFunctionality" time="4.803"/>
  <testcase classname="testCaseHospitalSearch.FiltersFunctionalityTest" name="open24x7Functionality" time="5.428"/>
  <testcase classname="testCaseHospitalSearch.FiltersFunctionalityTest" name="pharmacy24x7Functionality" time="5.431"/>
  <testcase classname="testCaseCorporateWellnessPage.CorporateWellnessWithInvalidDetailsTest" name="InvalidTest" time="33.53"/>
  <testcase classname="testCaseCorporateWellnessPage.CorporateWellnessWithInvalidDetailsTest" name="InvalidTest" time="27.506"/>
  <testcase classname="testCaseDiagnosticsPage.DisplayTopCitiesTest" name="displayTopCitiesTest" time="3.603"/>
  <testcase classname="testCaseHomePage.LocationSearchFunctionalityTest" name="locationSearchTest" time="1.235"/>
  <testcase classname="testCaseHospitalSearch.FiltersSectionVisibilityCheck" name="filtersSectionVisibilityTest" time="0.053"/>
  <testcase classname="testCaseCorporateWellnessPage.CorporateWellnessWithValidDetailsTest" name="ValidDetailsTest" time="105.349"/>
  <testcase classname="testCaseDiagnosticsPage.SelectTopCityTest" name="selectTopCityTest" time="3.133"/>
  <testcase classname="testCaseHomePage.SearchBoxClearTest" name="searchBoxClearTest" time="1.244"/>
  <testcase classname="testCaseHospitalSearch.ResetFiltersCheck" name="resetFiltersFunctionality" time="97.858"/>
  <testcase classname="testCaseCorporateWellnessPage.ForProvidersFunctionalityTest" name="forProvidersFunctionalityTest" time="0.224"/>
  <testcase classname="testCaseHomePage.SearchBoxClickTest" name="searchBoxClickTest" time="1.37"/>
  <testcase classname="testCaseHospitalSearch.SearchHospitalsTest" name="highRatingHospitalsTest" time="8.146"/>
  <testcase classname="testCaseCorporateWellnessPage.OrganizationSizeDropDownFunctionalityTest" name="organizationSizeDropDownFunctionalityTest" time="3.488"/>
  <testcase classname="testCaseHomePage.SearchBoxFunctionalityTest" name="searchBoxTest" time="5.629"/>
  <testcase classname="testCaseCorporateWellnessPage.ScheduleADemoButtonFunctionalityTest" name="scheduleButtonFunctionalityTest" time="3.661"/>
  <testcase classname="testCaseHomePage.SearchBoxSuggestionTest" name="suggestionCheckTest" time="4.649"/>
  <testcase classname="testCaseCorporateWellnessPage.SelectCorporateWellnessOptionTest" name="corporateWellnessFunctionalityTest" time="3.451"/>
  <testcase classname="testCaseHomePage.SearchInEntireCityTest" name="searchInEntireCityTest" time="1.514"/>
  <testcase classname="testCaseHomePage.SuggestionLocationCheckTest" name="suggestionLocationCheckTest" time="1.482"/>
  <testcase classname="testCaseHomePage.UseMyLocationTest" name="useMyLocationTest" time="1.089"/>
</testsuite> <!-- Test -->
