<?xml version="1.0" encoding="UTF-8"?>
<!-- Generated by org.testng.reporters.JUnitXMLReporter -->
<testsuite hostname="LAPTOP-G03VETEN" ignored="0" name="Test1" tests="2" failures="0" timestamp="21 May 2021 11:45:32 GMT" time="299.405" errors="0">
  <testcase name="EmptyNameTest" time="187.591" classname="testCaseCorporateWellnessPage.CorporateWellnessWithEmptyNameTest"/>
  <testcase name="EmptyOrgSizeTest" time="103.372" classname="testCaseCorporateWellnessPage.CorporateWellnessWithEmptyOrgSizeTest"/>
</testsuite> <!-- Test1 -->
